<?xml version="1.0" encoding="UTF-8"?>
<testng-results ignored="0" total="1" passed="0" failed="1" skipped="0">
  <reporter-output>
  </reporter-output>
  <suite started-at="2025-04-03T23:55:48 GMT-05:00" name="Surefire suite" finished-at="2025-04-03T23:56:06 GMT-05:00" duration-ms="17896">
    <groups>
      <group name="cucumber">
        <method signature="AbstractTestNGCucumberTests.runScenario(io.cucumber.testng.PickleWrapper,io.cucumber.testng.FeatureWrapper)[pri:0, instance:testRunner.TestRunner@49d904ec]" name="runScenario" class="io.cucumber.testng.AbstractTestNGCucumberTests"/>
      </group> <!-- cucumber -->
    </groups>
    <test started-at="2025-04-03T23:55:48 GMT-05:00" name="Surefire test" finished-at="2025-04-03T23:56:06 GMT-05:00" duration-ms="17896">
      <class name="testRunner.TestRunner">
        <test-method is-config="true" signature="setUpClass(org.testng.ITestContext)[pri:0, instance:testRunner.TestRunner@49d904ec]" started-at="2025-04-03T23:55:48 GMT-05:00" name="setUpClass" finished-at="2025-04-03T23:55:49 GMT-05:00" duration-ms="812" status="PASS">
          <params>
            <param index="0">
              <value>
                <![CDATA[org.testng.TestRunner@5c0f79f0]]>
              </value>
            </param>
          </params>
          <reporter-output>
          </reporter-output>
        </test-method> <!-- setUpClass -->
        <test-method signature="runScenario(io.cucumber.testng.PickleWrapper,io.cucumber.testng.FeatureWrapper)[pri:0, instance:testRunner.TestRunner@49d904ec]" started-at="2025-04-03T23:55:49 GMT-05:00" name="runScenario" description="Runs Cucumber Scenarios" data-provider="scenarios" finished-at="2025-04-03T23:56:06 GMT-05:00" duration-ms="16803" status="FAIL">
          <params>
            <param index="0">
              <value>
                <![CDATA["Want to open google.com"]]>
              </value>
            </param>
            <param index="1">
              <value>
                <![CDATA["practice"]]>
              </value>
            </param>
          </params>
          <exception class="java.lang.AssertionError">
            <message>
              <![CDATA[Login page not populated correctly.  expected [true] but found [false]]]>
            </message>
            <full-stacktrace>
              <![CDATA[java.lang.AssertionError: Login page not populated correctly.  expected [true] but found [false]
at org.testng.Assert.fail(Assert.java:111)
at org.testng.Assert.failNotEquals(Assert.java:1578)
at org.testng.Assert.assertTrue(Assert.java:57)
at stepDefinitions.PracticeSteps.user_open_it(PracticeSteps.java:36)
at âœ½.User open it(file:///C:/Users/it200/eclipse-workspace/org.practice_TestNG.com/src/test/java/features/practice.feature:7)
]]>
            </full-stacktrace>
          </exception> <!-- java.lang.AssertionError -->
          <reporter-output>
          </reporter-output>
        </test-method> <!-- runScenario -->
        <test-method is-config="true" signature="tearDownClass()[pri:0, instance:testRunner.TestRunner@49d904ec]" started-at="2025-04-03T23:56:06 GMT-05:00" name="tearDownClass" finished-at="2025-04-03T23:56:06 GMT-05:00" duration-ms="209" status="PASS">
          <reporter-output>
          </reporter-output>
        </test-method> <!-- tearDownClass -->
      </class> <!-- testRunner.TestRunner -->
    </test> <!-- Surefire test -->
  </suite> <!-- Surefire suite -->
</testng-results>
